<?xml version="1.0" encoding="UTF-8"?>
<testsuite xmlns:xsi="http://www.w3.org/2001/XMLSchema-instance" xsi:noNamespaceSchemaLocation="https://maven.apache.org/surefire/maven-surefire-plugin/xsd/surefire-test-report.xsd" name="com.promise.DroolsApplicationTests" time="4.349" tests="2" errors="0" skipped="0" failures="0">
  <properties>
[...]
</properties>
  <testcase name="people" classname="com.promise.DroolsApplicationTests" time="0.238"/>
  <testcase name="FileExists" classname="com.promise.DroolsApplicationTests" time="0.005"/>
</testsuite>